<?xml version="1.0" encoding="UTF-8"?>
<testng-results ignored="0" total="1" passed="1" failed="0" skipped="0">
  <reporter-output>
  </reporter-output>
  <suite started-at="2023-10-04T23:22:13 GMT-07:00" name="Failed suite [Default suite]" finished-at="2023-10-04T23:22:45 GMT-07:00" duration-ms="31850">
    <groups>
    </groups>
    <test started-at="2023-10-04T23:22:13 GMT-07:00" name="Default test(failed)" finished-at="2023-10-04T23:22:45 GMT-07:00" duration-ms="31850">
      <class name="com.testCase.Tc_login_001">
        <test-method is-config="true" signature="setup()[pri:0, instance:com.testCase.Tc_login_001@36ebc363]" started-at="2023-10-04T23:22:13 GMT-07:00" name="setup" finished-at="2023-10-04T23:22:37 GMT-07:00" duration-ms="23576" status="PASS">
          <reporter-output>
          </reporter-output>
        </test-method> <!-- setup -->
        <test-method signature="loginTest()[pri:0, instance:com.testCase.Tc_login_001@36ebc363]" started-at="2023-10-04T23:22:37 GMT-07:00" name="loginTest" finished-at="2023-10-04T23:22:43 GMT-07:00" duration-ms="6130" status="PASS">
          <reporter-output>
          </reporter-output>
        </test-method> <!-- loginTest -->
        <test-method is-config="true" signature="quitpage()[pri:0, instance:com.testCase.Tc_login_001@36ebc363]" started-at="2023-10-04T23:22:43 GMT-07:00" name="quitpage" finished-at="2023-10-04T23:22:45 GMT-07:00" duration-ms="1909" status="PASS">
          <reporter-output>
          </reporter-output>
        </test-method> <!-- quitpage -->
      </class> <!-- com.testCase.Tc_login_001 -->
    </test> <!-- Default test(failed) -->
  </suite> <!-- Failed suite [Default suite] -->
</testng-results>
